<?xml version="1.0" encoding="UTF-8"?>
<testsuite xmlns:xsi="http://www.w3.org/2001/XMLSchema-instance" xsi:noNamespaceSchemaLocation="https://maven.apache.org/surefire/maven-surefire-plugin/xsd/surefire-test-report.xsd" name="it.unipd.mtss.AppTest" time="0.085" tests="13" errors="0" skipped="0" failures="0">
  <properties>
[...]
</properties>
  <testcase name="shouldAnswerWithTrue" classname="it.unipd.mtss.AppTest" time="0.002"/>
  <testcase name="testAge" classname="it.unipd.mtss.AppTest" time="0"/>
  <testcase name="testLinux" classname="it.unipd.mtss.AppTest" time="0"/>
  <testcase name="testGame" classname="it.unipd.mtss.AppTest" time="0"/>
  <testcase name="testName" classname="it.unipd.mtss.AppTest" time="0.001"/>
  <testcase name="testIdNumber" classname="it.unipd.mtss.AppTest" time="0"/>
  <testcase name="testMobileOs" classname="it.unipd.mtss.AppTest" time="0.001"/>
  <testcase name="testCartoon" classname="it.unipd.mtss.AppTest" time="0"/>
  <testcase name="testConsole" classname="it.unipd.mtss.AppTest" time="0"/>
  <testcase name="testDogName" classname="it.unipd.mtss.AppTest" time="0"/>
  <testcase name="testPresentation" classname="it.unipd.mtss.AppTest" time="0.001"/>
  <testcase name="testStarWars" classname="it.unipd.mtss.AppTest" time="0"/>
  <testcase name="testSurname" classname="it.unipd.mtss.AppTest" time="0"/>
</testsuite>